2026-04-12 11:39:01 | INFO    | dpfl | Experiment start: algorithm=trimmed_mean, dataset=mnist, model=mlp, device=cpu
2026-04-12 11:39:01 | INFO    | dpfl | Config: nodes=10, attackers=2, rounds=3, noise_mode=none, attack=scale
2026-04-12 11:39:01 | INFO    | dpfl.data.mnist_dataset | Loading MNIST dataset...
2026-04-12 11:39:02 | INFO    | dpfl.data.mnist_dataset | MNIST loaded: 60000 train, 10000 test samples
2026-04-12 11:39:02 | INFO    | dpfl.core.base_simulator | Setup complete: 10 nodes (2 attackers), param_dim=79510, split=iid
2026-04-12 11:39:02 | DEBUG   | dpfl.core.base_simulator | Attacker IDs: {0, 1}
2026-04-12 11:39:02 | DEBUG   | dpfl.core.base_node | Node 0: model poisoning (ScaleAttack)
2026-04-12 11:39:02 | DEBUG   | dpfl.core.base_node | Node 1: model poisoning (ScaleAttack)
2026-04-12 11:39:05 | DEBUG   | dpfl.algorithms.trimmed_mean.trimmed_mean_aggregator | TrimmedMean: n=6, k=1, flagged=[1]
2026-04-12 11:39:05 | DEBUG   | dpfl.algorithms.trimmed_mean.trimmed_mean_aggregator | TrimmedMean: n=6, k=1, flagged=[]
2026-04-12 11:39:05 | DEBUG   | dpfl.algorithms.trimmed_mean.trimmed_mean_aggregator | TrimmedMean: n=6, k=1, flagged=[1]
2026-04-12 11:39:05 | DEBUG   | dpfl.algorithms.trimmed_mean.trimmed_mean_aggregator | TrimmedMean: n=6, k=1, flagged=[1]
2026-04-12 11:39:05 | DEBUG   | dpfl.algorithms.trimmed_mean.trimmed_mean_aggregator | TrimmedMean: n=6, k=1, flagged=[]
2026-04-12 11:39:05 | DEBUG   | dpfl.algorithms.trimmed_mean.trimmed_mean_aggregator | TrimmedMean: n=6, k=1, flagged=[0]
2026-04-12 11:39:05 | DEBUG   | dpfl.algorithms.trimmed_mean.trimmed_mean_aggregator | TrimmedMean: n=6, k=1, flagged=[1]
2026-04-12 11:39:05 | DEBUG   | dpfl.algorithms.trimmed_mean.trimmed_mean_aggregator | TrimmedMean: n=6, k=1, flagged=[]
2026-04-12 11:39:05 | DEBUG   | dpfl.algorithms.trimmed_mean.trimmed_mean_aggregator | TrimmedMean: n=6, k=1, flagged=[0]
2026-04-12 11:39:05 | DEBUG   | dpfl.algorithms.trimmed_mean.trimmed_mean_aggregator | TrimmedMean: n=6, k=1, flagged=[1]
2026-04-12 11:39:09 | INFO    | dpfl.core.base_simulator | Round   1/3 | Acc: 0.7732 | Loss: 0.6864 | eps: 0.00 | P: 1.00 R: 0.70 F1: 0.82
2026-04-12 11:39:09 | DEBUG   | dpfl.core.base_simulator | Update norms — honest: ['1.05', '1.05', '1.05', '1.05', '1.05'], attacker: ['3.15', '3.17']
2026-04-12 11:39:09 | DEBUG   | dpfl.core.base_node | Node 0: model poisoning (ScaleAttack)
2026-04-12 11:39:09 | DEBUG   | dpfl.core.base_node | Node 1: model poisoning (ScaleAttack)
2026-04-12 11:39:13 | DEBUG   | dpfl.algorithms.trimmed_mean.trimmed_mean_aggregator | TrimmedMean: n=6, k=1, flagged=[]
2026-04-12 11:39:13 | DEBUG   | dpfl.algorithms.trimmed_mean.trimmed_mean_aggregator | TrimmedMean: n=6, k=1, flagged=[0]
2026-04-12 11:39:13 | DEBUG   | dpfl.algorithms.trimmed_mean.trimmed_mean_aggregator | TrimmedMean: n=6, k=1, flagged=[0]
2026-04-12 11:39:13 | DEBUG   | dpfl.algorithms.trimmed_mean.trimmed_mean_aggregator | TrimmedMean: n=6, k=1, flagged=[1]
2026-04-12 11:39:13 | DEBUG   | dpfl.algorithms.trimmed_mean.trimmed_mean_aggregator | TrimmedMean: n=6, k=1, flagged=[]
2026-04-12 11:39:13 | DEBUG   | dpfl.algorithms.trimmed_mean.trimmed_mean_aggregator | TrimmedMean: n=6, k=1, flagged=[0]
2026-04-12 11:39:13 | DEBUG   | dpfl.algorithms.trimmed_mean.trimmed_mean_aggregator | TrimmedMean: n=6, k=1, flagged=[1]
2026-04-12 11:39:13 | DEBUG   | dpfl.algorithms.trimmed_mean.trimmed_mean_aggregator | TrimmedMean: n=6, k=1, flagged=[]
2026-04-12 11:39:13 | DEBUG   | dpfl.algorithms.trimmed_mean.trimmed_mean_aggregator | TrimmedMean: n=6, k=1, flagged=[0]
2026-04-12 11:39:13 | DEBUG   | dpfl.algorithms.trimmed_mean.trimmed_mean_aggregator | TrimmedMean: n=6, k=1, flagged=[0]
2026-04-12 11:39:17 | INFO    | dpfl.core.base_simulator | Round   2/3 | Acc: 0.7703 | Loss: 0.7110 | eps: 0.00 | P: 1.00 R: 0.70 F1: 0.82
2026-04-12 11:39:17 | DEBUG   | dpfl.core.base_simulator | Update norms — honest: ['0.34', '0.34', '0.34', '0.32', '0.33'], attacker: ['1.09', '1.02']
2026-04-12 11:39:17 | DEBUG   | dpfl.core.base_node | Node 0: model poisoning (ScaleAttack)
2026-04-12 11:39:17 | DEBUG   | dpfl.core.base_node | Node 1: model poisoning (ScaleAttack)
2026-04-12 11:39:20 | DEBUG   | dpfl.algorithms.trimmed_mean.trimmed_mean_aggregator | TrimmedMean: n=6, k=1, flagged=[]
2026-04-12 11:39:20 | DEBUG   | dpfl.algorithms.trimmed_mean.trimmed_mean_aggregator | TrimmedMean: n=6, k=1, flagged=[0]
2026-04-12 11:39:20 | DEBUG   | dpfl.algorithms.trimmed_mean.trimmed_mean_aggregator | TrimmedMean: n=6, k=1, flagged=[0]
2026-04-12 11:39:20 | DEBUG   | dpfl.algorithms.trimmed_mean.trimmed_mean_aggregator | TrimmedMean: n=6, k=1, flagged=[1]
2026-04-12 11:39:20 | DEBUG   | dpfl.algorithms.trimmed_mean.trimmed_mean_aggregator | TrimmedMean: n=6, k=1, flagged=[]
2026-04-12 11:39:20 | DEBUG   | dpfl.algorithms.trimmed_mean.trimmed_mean_aggregator | TrimmedMean: n=6, k=1, flagged=[0]
2026-04-12 11:39:20 | DEBUG   | dpfl.algorithms.trimmed_mean.trimmed_mean_aggregator | TrimmedMean: n=6, k=1, flagged=[1]
2026-04-12 11:39:20 | DEBUG   | dpfl.algorithms.trimmed_mean.trimmed_mean_aggregator | TrimmedMean: n=6, k=1, flagged=[]
2026-04-12 11:39:20 | DEBUG   | dpfl.algorithms.trimmed_mean.trimmed_mean_aggregator | TrimmedMean: n=6, k=1, flagged=[0]
2026-04-12 11:39:20 | DEBUG   | dpfl.algorithms.trimmed_mean.trimmed_mean_aggregator | TrimmedMean: n=6, k=1, flagged=[0]
2026-04-12 11:39:24 | INFO    | dpfl.core.base_simulator | Round   3/3 | Acc: 0.8170 | Loss: 0.5940 | eps: 0.00 | P: 1.00 R: 0.70 F1: 0.82
2026-04-12 11:39:24 | DEBUG   | dpfl.core.base_simulator | Update norms — honest: ['0.33', '0.26', '0.25', '0.23', '0.25'], attacker: ['1.04', '0.97']
2026-04-12 11:39:24 | INFO    | dpfl | Experiment complete in 22.5s
============================================================
REPORT: DP-SGD Decentralized Federated Learning
============================================================
Timestamp:                  20260412_113901
Rounds completed:           3
Final accuracy:             0.8170
Final test loss:            0.5940
Final epsilon:              0.00
Best alpha:                 None
Avg precision:              1.0000
Avg recall:                 0.7000
Avg F1 score:               0.8235
Avg update norm (honest):   0.5504
Avg update norm (attacker): 1.7412
============================================================
